# JRE version: OpenJDK Runtime Environment (11.0.12+7) (build 11.0.12+7-b1504.28-7817840)
# Java VM: OpenJDK 64-Bit Server VM (11.0.12+7-b1504.28-7817840, mixed mode, tiered, compressed oops, g1 gc, windows-amd64)
Heap:
 garbage-first heap   total 192512K, used 40061K [0x0000000764a00000, 0x0000000800000000)
  region size 1024K, 19 young (19456K), 9 survivors (9216K)
 Metaspace       used 46396K, capacity 46907K, committed 47152K, reserved 1091584K
  class space    used 5490K, capacity 5701K, committed 5760K, reserved 1048576K
GC Heap History (12 events):
Event: 0.982 GC heap before
{Heap before GC invocations=0 (full 0):
 garbage-first heap   total 159744K, used 27648K [0x0000000764a00000, 0x0000000800000000)
  region size 1024K, 24 young (24576K), 0 survivors (0K)
 Metaspace       used 12323K, capacity 12440K, committed 12544K, reserved 1060864K
  class space    used 1161K, capacity 1207K, committed 1280K, reserved 1048576K
}
Event: 0.988 GC heap after
{Heap after GC invocations=1 (full 0):
 garbage-first heap   total 159744K, used 5751K [0x0000000764a00000, 0x0000000800000000)
  region size 1024K, 3 young (3072K), 3 survivors (3072K)
 Metaspace       used 12323K, capacity 12440K, committed 12544K, reserved 1060864K
  class space    used 1161K, capacity 1207K, committed 1280K, reserved 1048576K
}
Event: 1.925 GC heap before
{Heap before GC invocations=1 (full 0):
 garbage-first heap   total 159744K, used 41591K [0x0000000764a00000, 0x0000000800000000)
  region size 1024K, 39 young (39936K), 3 survivors (3072K)
 Metaspace       used 20921K, capacity 21208K, committed 21296K, reserved 1069056K
  class space    used 2275K, capacity 2412K, committed 2432K, reserved 1048576K
}
Event: 1.940 GC heap after
{Heap after GC invocations=2 (full 0):
 garbage-first heap   total 159744K, used 9434K [0x0000000764a00000, 0x0000000800000000)
  region size 1024K, 7 young (7168K), 7 survivors (7168K)
 Metaspace       used 20921K, capacity 21208K, committed 21296K, reserved 1069056K
  class space    used 2275K, capacity 2412K, committed 2432K, reserved 1048576K
}
Event: 3.663 GC heap before
{Heap before GC invocations=3 (full 0):
 garbage-first heap   total 159744K, used 63706K [0x0000000764a00000, 0x0000000800000000)
  region size 1024K, 55 young (56320K), 7 survivors (7168K)
 Metaspace       used 31178K, capacity 31670K, committed 31792K, reserved 1077248K
  class space    used 3733K, capacity 3939K, committed 3968K, reserved 1048576K
}
Event: 3.688 GC heap after
{Heap after GC invocations=4 (full 0):
 garbage-first heap   total 159744K, used 21477K [0x0000000764a00000, 0x0000000800000000)
  region size 1024K, 7 young (7168K), 7 survivors (7168K)
 Metaspace       used 31178K, capacity 31670K, committed 31792K, reserved 1077248K
  class space    used 3733K, capacity 3939K, committed 3968K, reserved 1048576K
}
Event: 4.131 GC heap before
{Heap before GC invocations=4 (full 0):
 garbage-first heap   total 159744K, used 38885K [0x0000000764a00000, 0x0000000800000000)
  region size 1024K, 24 young (24576K), 7 survivors (7168K)
 Metaspace       used 35176K, capacity 35714K, committed 35920K, reserved 1081344K
  class space    used 4394K, capacity 4582K, committed 4608K, reserved 1048576K
}
Event: 4.147 GC heap after
{Heap after GC invocations=5 (full 0):
 garbage-first heap   total 159744K, used 23764K [0x0000000764a00000, 0x0000000800000000)
  region size 1024K, 2 young (2048K), 2 survivors (2048K)
 Metaspace       used 35176K, capacity 35714K, committed 35920K, reserved 1081344K
  class space    used 4394K, capacity 4582K, committed 4608K, reserved 1048576K
}
Event: 4.155 GC heap before
{Heap before GC invocations=5 (full 0):
 garbage-first heap   total 159744K, used 23764K [0x0000000764a00000, 0x0000000800000000)
  region size 1024K, 3 young (3072K), 2 survivors (2048K)
 Metaspace       used 35252K, capacity 35778K, committed 35920K, reserved 1081344K
  class space    used 4399K, capacity 4582K, committed 4608K, reserved 1048576K
}
Event: 4.160 GC heap after
{Heap after GC invocations=6 (full 0):
 garbage-first heap   total 192512K, used 23663K [0x0000000764a00000, 0x0000000800000000)
  region size 1024K, 2 young (2048K), 2 survivors (2048K)
 Metaspace       used 35252K, capacity 35778K, committed 35920K, reserved 1081344K
  class space    used 4399K, capacity 4582K, committed 4608K, reserved 1048576K
}
Event: 6.223 GC heap before
{Heap before GC invocations=7 (full 0):
 garbage-first heap   total 192512K, used 95343K [0x0000000764a00000, 0x0000000800000000)
  region size 1024K, 69 young (70656K), 2 survivors (2048K)
 Metaspace       used 46350K, capacity 46907K, committed 47152K, reserved 1091584K
  class space    used 5490K, capacity 5701K, committed 5760K, reserved 1048576K
}
Event: 6.234 GC heap after
{Heap after GC invocations=8 (full 0):
 garbage-first heap   total 192512K, used 30845K [0x0000000764a00000, 0x0000000800000000)
  region size 1024K, 9 young (9216K), 9 survivors (9216K)
 Metaspace       used 46350K, capacity 46907K, committed 47152K, reserved 1091584K
  class space    used 5490K, capacity 5701K, committed 5760K, reserved 1048576K
}

